<?xml version="1.0" encoding="UTF-8"?>
<testng-results ignored="1" total="2" passed="1" failed="0" skipped="0">
  <reporter-output>
  </reporter-output>
  <suite started-at="2024-10-09T15:35:42 IST" name="Suite" finished-at="2024-10-09T15:35:55 IST" duration-ms="12453">
    <groups>
    </groups>
    <test started-at="2024-10-09T15:35:42 IST" name="Test" finished-at="2024-10-09T15:35:55 IST" duration-ms="12453">
      <class name="Testcases.Login_Testcases">
        <test-method is-config="true" signature="Starting_Setup()[pri:0, instance:Testcases.Login_Testcases@27f981c6]" started-at="2024-10-09T15:35:39 IST" name="Starting_Setup" finished-at="2024-10-09T15:35:42 IST" duration-ms="3371" status="PASS">
          <reporter-output>
          </reporter-output>
        </test-method> <!-- Starting_Setup -->
        <test-method is-config="true" signature="BeforeTest()[pri:0, instance:Testcases.Login_Testcases@27f981c6]" started-at="2024-10-09T15:35:42 IST" name="BeforeTest" finished-at="2024-10-09T15:35:54 IST" duration-ms="11943" status="PASS">
          <reporter-output>
          </reporter-output>
        </test-method> <!-- BeforeTest -->
      </class> <!-- Testcases.Login_Testcases -->
      <class name="Testcases.key_activity_report_testcase">
        <test-method is-config="true" signature="before_test()[pri:0, instance:Testcases.key_activity_report_testcase@54e1c68b]" started-at="2024-10-09T15:35:54 IST" name="before_test" finished-at="2024-10-09T15:35:54 IST" duration-ms="1" status="PASS">
          <reporter-output>
          </reporter-output>
        </test-method> <!-- before_test -->
        <test-method signature="verify_the_key_activity_report_is_clickable_and_able_to_click()[pri:1, instance:Testcases.key_activity_report_testcase@54e1c68b]" started-at="2024-10-09T15:35:54 IST" name="verify_the_key_activity_report_is_clickable_and_able_to_click" finished-at="2024-10-09T15:35:55 IST" duration-ms="458" status="PASS">
          <reporter-output>
          </reporter-output>
        </test-method> <!-- verify_the_key_activity_report_is_clickable_and_able_to_click -->
      </class> <!-- Testcases.key_activity_report_testcase -->
    </test> <!-- Test -->
  </suite> <!-- Suite -->
</testng-results>
