<?xml version="1.0" encoding="UTF-8"?>
<!-- Generated by org.testng.reporters.JUnitXMLReporter -->
<testsuite ignored="1" hostname="SSD-SYS-24" failures="0" tests="1" name="Test" time="16.953" errors="0" timestamp="2024-10-03T15:03:56 IST">
  <testcase classname="test.Users_TC" name="verify_that_able_to_select_manageusers_under_users_module_and_view_the_grid_page_successfully" time="4.308"/>
  <testcase classname="baseclass.Base" name="@BeforeTest VERIFY_THAT_U3_URL_LAUNCHED_SUCCESSFULLY" time="0.0">
    <ignored/>
  </testcase> <!-- @BeforeTest VERIFY_THAT_U3_URL_LAUNCHED_SUCCESSFULLY -->
</testsuite> <!-- Test -->
