<?xml version="1.0" encoding="UTF-8"?>
<!-- Generated by org.testng.reporters.JUnitXMLReporter -->
<testsuite ignored="2" hostname="TEST-04" failures="0" tests="12" name="Test" time="31.939" errors="0" timestamp="2024-09-24T16:17:34 IST">
  <testcase classname="Testcases.Login_Testcases" name="test1" time="0.287"/>
  <testcase classname="Testcases.Login_Testcases" name="verify_the_search_field" time="2.594"/>
  <testcase classname="Testcases.Login_Testcases" name="verify_the_scroll_bar_is_working" time="2.033"/>
  <testcase classname="Testcases.Login_Testcases" name="verify_the_pagination_and_showing_from_is_working_correctly" time="4.197"/>
  <testcase classname="Testcases.Login_Testcases" name="verify_action_buton_is_working_correctly" time="1.292"/>
  <testcase classname="Testcases.Login_Testcases" name="select_the_zone" time="1.209"/>
  <testcase classname="Testcases.Login_Testcases" name="select_the_terminal" time="0.65"/>
  <testcase classname="Testcases.Login_Testcases" name="verify_the_filtered_value_matched_the_gridValue" time="3.83"/>
  <testcase classname="Testcases.livetrips_testcase" name="verify_user_able_to_navigate_to_livetrips" time="0.284"/>
  <testcase classname="Testcases.livetrips_testcase" name="Verify_that_the_searched_value_matches_the_values_shown_in_the_grid" time="2.373"/>
  <testcase classname="Testcases.livetrips_testcase" name="Verify_that_the_user_is_able_to_select_a_value_from_the_filter_option" time="3.873"/>
  <testcase classname="Testcases.terminal_testcase" name="verify_the_user_able_to_navigate_to_terminalmenu" time="0.188"/>
  <testcase classname="Common.Base_class" name="@BeforeSuite Starting_Setup" time="0.0">
    <ignored/>
  </testcase> <!-- @BeforeSuite Starting_Setup -->
  <testcase classname="Common.Base_class" name="@BeforeSuite Starting_Setup" time="0.0">
    <ignored/>
  </testcase> <!-- @BeforeSuite Starting_Setup -->
</testsuite> <!-- Test -->
